{"/home/brisanet/Documentos/cataline_projects/bootcamp/nuxt-tests/components/atoms/Button/Button.vue": {"path":"/home/brisanet/Documentos/cataline_projects/bootcamp/nuxt-tests/components/atoms/Button/Button.vue","statementMap":{"0":{"start":{"line":8,"column":0},"end":{"line":8,"column":null}},"1":{"start":{"line":20,"column":0},"end":{"line":20,"column":null}}},"fnMap":{"0":{"name":"(anonymous_2)","decl":{"start":{"line":19,"column":0},"end":{"line":19,"column":null}},"loc":{"start":{"line":19,"column":0},"end":{"line":21,"column":null}}}},"branchMap":{},"s":{"0":2,"1":4},"f":{"0":4},"b":{}}
,"/home/brisanet/Documentos/cataline_projects/bootcamp/nuxt-tests/components/atoms/Input/Input.vue": {"path":"/home/brisanet/Documentos/cataline_projects/bootcamp/nuxt-tests/components/atoms/Input/Input.vue","statementMap":{"0":{"start":{"line":12,"column":0},"end":{"line":12,"column":null}}},"fnMap":{},"branchMap":{},"s":{"0":2},"f":{},"b":{}}
,"/home/brisanet/Documentos/cataline_projects/bootcamp/nuxt-tests/components/molecules/List/List.vue": {"path":"/home/brisanet/Documentos/cataline_projects/bootcamp/nuxt-tests/components/molecules/List/List.vue","statementMap":{"0":{"start":{"line":10,"column":0},"end":{"line":10,"column":null}}},"fnMap":{},"branchMap":{},"s":{"0":2},"f":{},"b":{}}
,"/home/brisanet/Documentos/cataline_projects/bootcamp/nuxt-tests/components/templates/HomeTemplate/HomeTemplate.vue": {"path":"/home/brisanet/Documentos/cataline_projects/bootcamp/nuxt-tests/components/templates/HomeTemplate/HomeTemplate.vue","statementMap":{"0":{"start":{"line":15,"column":0},"end":{"line":15,"column":null}},"1":{"start":{"line":16,"column":0},"end":{"line":16,"column":null}},"2":{"start":{"line":21,"column":0},"end":{"line":21,"column":null}},"3":{"start":{"line":29,"column":0},"end":{"line":31,"column":null}},"4":{"start":{"line":30,"column":0},"end":{"line":30,"column":null}}},"fnMap":{"0":{"name":"(anonymous_2)","decl":{"start":{"line":20,"column":0},"end":{"line":20,"column":null}},"loc":{"start":{"line":20,"column":0},"end":{"line":26,"column":null}}},"1":{"name":"(anonymous_3)","decl":{"start":{"line":28,"column":0},"end":{"line":28,"column":null}},"loc":{"start":{"line":28,"column":0},"end":{"line":32,"column":null}}}},"branchMap":{},"s":{"0":1,"1":1,"2":1,"3":1,"4":5},"f":{"0":1,"1":1},"b":{}}
}
