TN:
SF:components/atoms/Button/Button.vue
FN:19,(anonymous_2)
FNF:1
FNH:1
FNDA:4,(anonymous_2)
DA:8,2
DA:20,4
LF:2
LH:2
BRF:0
BRH:0
end_of_record
TN:
SF:components/atoms/Input/Input.vue
FNF:0
FNH:0
DA:12,2
LF:1
LH:1
BRF:0
BRH:0
end_of_record
TN:
SF:components/molecules/List/List.vue
FNF:0
FNH:0
DA:10,2
LF:1
LH:1
BRF:0
BRH:0
end_of_record
TN:
SF:components/templates/HomeTemplate/HomeTemplate.vue
FN:20,(anonymous_2)
FN:28,(anonymous_3)
FNF:2
FNH:2
FNDA:1,(anonymous_2)
FNDA:1,(anonymous_3)
DA:15,1
DA:16,1
DA:21,1
DA:29,1
DA:30,5
LF:5
LH:5
BRF:0
BRH:0
end_of_record
